<?xml version="1.0" encoding="UTF-8"?>
<testsuite xmlns:xsi="http://www.w3.org/2001/XMLSchema-instance" xsi:noNamespaceSchemaLocation="https://maven.apache.org/surefire/maven-surefire-plugin/xsd/surefire-test-report.xsd" version="3.0.2" name="calculator.TestCounting" time="0.046" tests="6" errors="0" skipped="0" failures="0">
  <properties>
[...]
</properties>
  <testcase name="testOperationCounting(String)[1]" classname="calculator.TestCounting" time="0.009"/>
  <testcase name="testOperationCounting(String)[2]" classname="calculator.TestCounting" time="0.004"/>
  <testcase name="testOperationCounting(String)[3]" classname="calculator.TestCounting" time="0.004"/>
  <testcase name="testOperationCounting(String)[4]" classname="calculator.TestCounting" time="0.006"/>
  <testcase name="testOtherNumberCounting" classname="calculator.TestCounting" time="0.002"/>
  <testcase name="testNumberCounting" classname="calculator.TestCounting" time="0.002"/>
</testsuite>